<?xml version="1.0" encoding="UTF-8"?>
<testng-results ignored="0" total="2" passed="2" failed="0" skipped="0">
  <reporter-output>
  </reporter-output>
  <suite started-at="2022-11-03T20:30:07 IST" name="Default suite" finished-at="2022-11-03T20:30:07 IST" duration-ms="61">
    <groups>
    </groups>
    <test started-at="2022-11-03T20:30:07 IST" name="Default test" finished-at="2022-11-03T20:30:07 IST" duration-ms="61">
      <class name="com.Test.Test2">
        <test-method is-config="true" signature="setUp()[pri:0, instance:com.Test.Test2@13b13b5d]" started-at="2022-11-03T20:30:07 IST" name="setUp" finished-at="2022-11-03T20:30:07 IST" duration-ms="3" status="PASS">
          <reporter-output>
          </reporter-output>
        </test-method> <!-- setUp -->
        <test-method signature="HappyPath()[pri:0, instance:com.Test.Test2@13b13b5d]" started-at="2022-11-03T20:30:07 IST" name="HappyPath" finished-at="2022-11-03T20:30:07 IST" duration-ms="10" status="PASS">
          <reporter-output>
          </reporter-output>
        </test-method> <!-- HappyPath -->
        <test-method is-config="true" signature="close()[pri:0, instance:com.Test.Test2@13b13b5d]" started-at="2022-11-03T20:30:07 IST" name="close" finished-at="2022-11-03T20:30:07 IST" duration-ms="0" status="PASS">
          <reporter-output>
          </reporter-output>
        </test-method> <!-- close -->
        <test-method is-config="true" signature="setUp()[pri:0, instance:com.Test.Test2@13b13b5d]" started-at="2022-11-03T20:30:07 IST" name="setUp" finished-at="2022-11-03T20:30:07 IST" duration-ms="1" status="PASS">
          <reporter-output>
          </reporter-output>
        </test-method> <!-- setUp -->
        <test-method signature="scenario2()[pri:0, instance:com.Test.Test2@13b13b5d]" started-at="2022-11-03T20:30:07 IST" name="scenario2" finished-at="2022-11-03T20:30:07 IST" duration-ms="2" status="PASS">
          <reporter-output>
          </reporter-output>
        </test-method> <!-- scenario2 -->
        <test-method is-config="true" signature="close()[pri:0, instance:com.Test.Test2@13b13b5d]" started-at="2022-11-03T20:30:07 IST" name="close" finished-at="2022-11-03T20:30:07 IST" duration-ms="0" status="PASS">
          <reporter-output>
          </reporter-output>
        </test-method> <!-- close -->
      </class> <!-- com.Test.Test2 -->
    </test> <!-- Default test -->
  </suite> <!-- Default suite -->
</testng-results>
